[1]:Building extracted corpus for word axes @ Tue Feb 26 05:10:31 UTC 2013
[1]:Done! @ Tue Feb 26 05:10:31 UTC 2013
[2]:Building extracted corpus for word crane @ Tue Feb 26 05:10:31 UTC 2013
[2]:Done! @ Tue Feb 26 05:10:31 UTC 2013
[3]:Building extracted corpus for word drug @ Tue Feb 26 05:10:31 UTC 2013
[3]:Done! @ Tue Feb 26 05:10:31 UTC 2013
[4]:Building extracted corpus for word duty @ Tue Feb 26 05:10:31 UTC 2013
[4]:Done! @ Tue Feb 26 05:10:31 UTC 2013
[5]:Building extracted corpus for word goat @ Tue Feb 26 05:10:31 UTC 2013
[5]:Done! @ Tue Feb 26 05:10:31 UTC 2013
[6]:Building extracted corpus for word interest @ Tue Feb 26 05:10:31 UTC 2013
[6]:Done! @ Tue Feb 26 05:10:31 UTC 2013
[7]:Building extracted corpus for word land @ Tue Feb 26 05:10:31 UTC 2013
[7]:Done! @ Tue Feb 26 05:10:31 UTC 2013
[8]:Building extracted corpus for word language @ Tue Feb 26 05:10:31 UTC 2013
[8]:Done! @ Tue Feb 26 05:10:31 UTC 2013
[9]:Building extracted corpus for word motion @ Tue Feb 26 05:10:31 UTC 2013
[9]:Done! @ Tue Feb 26 05:10:31 UTC 2013
[10]:Building extracted corpus for word page @ Tue Feb 26 05:10:31 UTC 2013
[10]:Done! @ Tue Feb 26 05:10:31 UTC 2013
[11]:Building extracted corpus for word palm @ Tue Feb 26 05:10:31 UTC 2013
[11]:Done! @ Tue Feb 26 05:10:31 UTC 2013
[12]:Building extracted corpus for word pen @ Tue Feb 26 05:10:31 UTC 2013
[12]:Done! @ Tue Feb 26 05:10:31 UTC 2013
[13]:Building extracted corpus for word poach @ Tue Feb 26 05:10:31 UTC 2013
[13]:Done! @ Tue Feb 26 05:10:31 UTC 2013
[14]:Building extracted corpus for word position @ Tue Feb 26 05:10:31 UTC 2013
[14]:Done! @ Tue Feb 26 05:10:31 UTC 2013
[15]:Building extracted corpus for word sake @ Tue Feb 26 05:10:31 UTC 2013
[15]:Done! @ Tue Feb 26 05:10:31 UTC 2013
[16]:Building extracted corpus for word sentence @ Tue Feb 26 05:10:31 UTC 2013
[16]:Done! @ Tue Feb 26 05:10:31 UTC 2013
[17]:Building extracted corpus for word sheep @ Tue Feb 26 05:10:31 UTC 2013
[17]:Done! @ Tue Feb 26 05:10:31 UTC 2013
[18]:Building extracted corpus for word space @ Tue Feb 26 05:10:31 UTC 2013
[18]:Done! @ Tue Feb 26 05:10:31 UTC 2013
[19]:Building extracted corpus for word stand @ Tue Feb 26 05:10:31 UTC 2013
[19]:Done! @ Tue Feb 26 05:10:31 UTC 2013
[20]:Building extracted corpus for word star @ Tue Feb 26 05:10:31 UTC 2013
[20]:Done! @ Tue Feb 26 05:10:31 UTC 2013
[21]:Building extracted corpus for word state @ Tue Feb 26 05:10:31 UTC 2013
[21]:Done! @ Tue Feb 26 05:10:31 UTC 2013
[22]:Building extracted corpus for word tank @ Tue Feb 26 05:10:31 UTC 2013
[22]:Done! @ Tue Feb 26 05:10:31 UTC 2013
[1]:Building extracted corpus for word axes @ Tue Feb 26 05:11:50 UTC 2013
[1]:Done! @ Tue Feb 26 05:11:51 UTC 2013
[2]:Building extracted corpus for word crane @ Tue Feb 26 05:11:51 UTC 2013
[2]:Done! @ Tue Feb 26 05:11:51 UTC 2013
[3]:Building extracted corpus for word drug @ Tue Feb 26 05:11:51 UTC 2013
[3]:Done! @ Tue Feb 26 05:11:51 UTC 2013
[4]:Building extracted corpus for word duty @ Tue Feb 26 05:11:51 UTC 2013
[4]:Done! @ Tue Feb 26 05:11:51 UTC 2013
[5]:Building extracted corpus for word goat @ Tue Feb 26 05:11:51 UTC 2013
[5]:Done! @ Tue Feb 26 05:11:51 UTC 2013
[6]:Building extracted corpus for word interest @ Tue Feb 26 05:11:51 UTC 2013
[6]:Done! @ Tue Feb 26 05:11:51 UTC 2013
[7]:Building extracted corpus for word land @ Tue Feb 26 05:11:51 UTC 2013
[7]:Done! @ Tue Feb 26 05:11:51 UTC 2013
[8]:Building extracted corpus for word language @ Tue Feb 26 05:11:51 UTC 2013
[8]:Done! @ Tue Feb 26 05:11:51 UTC 2013
[9]:Building extracted corpus for word motion @ Tue Feb 26 05:11:51 UTC 2013
[9]:Done! @ Tue Feb 26 05:11:52 UTC 2013
[10]:Building extracted corpus for word page @ Tue Feb 26 05:11:52 UTC 2013
[10]:Done! @ Tue Feb 26 05:11:52 UTC 2013
[11]:Building extracted corpus for word palm @ Tue Feb 26 05:11:52 UTC 2013
[11]:Done! @ Tue Feb 26 05:11:52 UTC 2013
[12]:Building extracted corpus for word pen @ Tue Feb 26 05:11:52 UTC 2013
[12]:Done! @ Tue Feb 26 05:11:52 UTC 2013
[13]:Building extracted corpus for word poach @ Tue Feb 26 05:11:52 UTC 2013
[13]:Done! @ Tue Feb 26 05:11:52 UTC 2013
[14]:Building extracted corpus for word position @ Tue Feb 26 05:11:52 UTC 2013
[14]:Done! @ Tue Feb 26 05:11:52 UTC 2013
[15]:Building extracted corpus for word sake @ Tue Feb 26 05:11:52 UTC 2013
[15]:Done! @ Tue Feb 26 05:11:52 UTC 2013
[16]:Building extracted corpus for word sentence @ Tue Feb 26 05:11:52 UTC 2013
[16]:Done! @ Tue Feb 26 05:11:52 UTC 2013
[17]:Building extracted corpus for word sheep @ Tue Feb 26 05:11:52 UTC 2013
[17]:Done! @ Tue Feb 26 05:11:52 UTC 2013
[18]:Building extracted corpus for word space @ Tue Feb 26 05:11:52 UTC 2013
[18]:Done! @ Tue Feb 26 05:11:52 UTC 2013
[19]:Building extracted corpus for word stand @ Tue Feb 26 05:11:52 UTC 2013
[19]:Done! @ Tue Feb 26 05:11:52 UTC 2013
[20]:Building extracted corpus for word star @ Tue Feb 26 05:11:52 UTC 2013
[20]:Done! @ Tue Feb 26 05:11:52 UTC 2013
[21]:Building extracted corpus for word state @ Tue Feb 26 05:11:52 UTC 2013
[21]:Done! @ Tue Feb 26 05:11:52 UTC 2013
[22]:Building extracted corpus for word tank @ Tue Feb 26 05:11:52 UTC 2013
[22]:Done! @ Tue Feb 26 05:11:53 UTC 2013
[1]:Building extracted corpus for word axes @ Tue Feb 26 05:13:07 UTC 2013
[1]:Done! @ Tue Feb 26 05:13:30 UTC 2013
[2]:Building extracted corpus for word crane @ Tue Feb 26 05:13:30 UTC 2013
[2]:Done! @ Tue Feb 26 05:13:36 UTC 2013
[3]:Building extracted corpus for word drug @ Tue Feb 26 05:13:36 UTC 2013
[3]:Done! @ Tue Feb 26 05:13:38 UTC 2013
[4]:Building extracted corpus for word duty @ Tue Feb 26 05:13:38 UTC 2013
[4]:Done! @ Tue Feb 26 05:13:40 UTC 2013
[5]:Building extracted corpus for word goat @ Tue Feb 26 05:13:40 UTC 2013
[5]:Done! @ Tue Feb 26 05:13:41 UTC 2013
[6]:Building extracted corpus for word interest @ Tue Feb 26 05:13:41 UTC 2013
[6]:Done! @ Tue Feb 26 05:13:43 UTC 2013
[7]:Building extracted corpus for word land @ Tue Feb 26 05:13:43 UTC 2013
[7]:Done! @ Tue Feb 26 05:13:44 UTC 2013
[8]:Building extracted corpus for word language @ Tue Feb 26 05:13:44 UTC 2013
[8]:Done! @ Tue Feb 26 05:13:46 UTC 2013
[9]:Building extracted corpus for word motion @ Tue Feb 26 05:13:46 UTC 2013
[9]:Done! @ Tue Feb 26 05:13:48 UTC 2013
[10]:Building extracted corpus for word page @ Tue Feb 26 05:13:48 UTC 2013
[10]:Done! @ Tue Feb 26 05:13:49 UTC 2013
[11]:Building extracted corpus for word palm @ Tue Feb 26 05:13:49 UTC 2013
[11]:Done! @ Tue Feb 26 05:13:51 UTC 2013
[12]:Building extracted corpus for word pen @ Tue Feb 26 05:13:51 UTC 2013
[12]:Done! @ Tue Feb 26 05:13:52 UTC 2013
[13]:Building extracted corpus for word poach @ Tue Feb 26 05:13:52 UTC 2013
[13]:Done! @ Tue Feb 26 05:13:54 UTC 2013
[14]:Building extracted corpus for word position @ Tue Feb 26 05:13:54 UTC 2013
[14]:Done! @ Tue Feb 26 05:13:56 UTC 2013
[15]:Building extracted corpus for word sake @ Tue Feb 26 05:13:56 UTC 2013
[15]:Done! @ Tue Feb 26 05:13:57 UTC 2013
[16]:Building extracted corpus for word sentence @ Tue Feb 26 05:13:57 UTC 2013
[16]:Done! @ Tue Feb 26 05:13:59 UTC 2013
[17]:Building extracted corpus for word sheep @ Tue Feb 26 05:13:59 UTC 2013
[17]:Done! @ Tue Feb 26 05:14:01 UTC 2013
[18]:Building extracted corpus for word space @ Tue Feb 26 05:14:01 UTC 2013
[18]:Done! @ Tue Feb 26 05:14:04 UTC 2013
[19]:Building extracted corpus for word stand @ Tue Feb 26 05:14:04 UTC 2013
[19]:Done! @ Tue Feb 26 05:14:06 UTC 2013
[20]:Building extracted corpus for word star @ Tue Feb 26 05:14:06 UTC 2013
[20]:Done! @ Tue Feb 26 05:14:07 UTC 2013
[21]:Building extracted corpus for word state @ Tue Feb 26 05:14:07 UTC 2013
[21]:Done! @ Tue Feb 26 05:14:09 UTC 2013
[22]:Building extracted corpus for word tank @ Tue Feb 26 05:14:09 UTC 2013
[22]:Done! @ Tue Feb 26 05:14:12 UTC 2013
[1]:Building extracted corpus for word axes @ Tue Feb 26 05:16:28 UTC 2013
[1]:Done! @ Tue Feb 26 05:17:18 UTC 2013
[2]:Building extracted corpus for word crane @ Tue Feb 26 05:17:18 UTC 2013
[2]:Done! @ Tue Feb 26 05:17:32 UTC 2013
[3]:Building extracted corpus for word drug @ Tue Feb 26 05:17:32 UTC 2013
[1]:Building extracted corpus for word axes @ Tue Feb 26 05:23:22 UTC 2013
[1]:Done! @ Tue Feb 26 05:24:10 UTC 2013
[2]:Building extracted corpus for word crane @ Tue Feb 26 05:24:10 UTC 2013
[2]:Done! @ Tue Feb 26 05:24:25 UTC 2013
[3]:Building extracted corpus for word drug @ Tue Feb 26 05:24:25 UTC 2013
[3]:Done! @ Tue Feb 26 05:30:37 UTC 2013
[4]:Building extracted corpus for word duty @ Tue Feb 26 05:30:37 UTC 2013
[4]:Done! @ Tue Feb 26 05:34:08 UTC 2013
[5]:Building extracted corpus for word goat @ Tue Feb 26 05:34:08 UTC 2013
[5]:Done! @ Tue Feb 26 05:34:42 UTC 2013
[6]:Building extracted corpus for word interest @ Tue Feb 26 05:34:42 UTC 2013
[6]:Done! @ Tue Feb 26 05:35:34 UTC 2013
[7]:Building extracted corpus for word land @ Tue Feb 26 05:35:34 UTC 2013
[7]:Done! @ Tue Feb 26 05:45:00 UTC 2013
[8]:Building extracted corpus for word language @ Tue Feb 26 05:45:00 UTC 2013
[8]:Done! @ Tue Feb 26 05:52:32 UTC 2013
[9]:Building extracted corpus for word motion @ Tue Feb 26 05:52:32 UTC 2013
[9]:Done! @ Tue Feb 26 05:55:03 UTC 2013
[10]:Building extracted corpus for word page @ Tue Feb 26 05:55:03 UTC 2013
[10]:Done! @ Tue Feb 26 05:55:44 UTC 2013
[11]:Building extracted corpus for word palm @ Tue Feb 26 05:55:44 UTC 2013
[11]:Done! @ Tue Feb 26 05:56:33 UTC 2013
[12]:Building extracted corpus for word pen @ Tue Feb 26 05:56:33 UTC 2013
[12]:Done! @ Tue Feb 26 05:57:37 UTC 2013
[13]:Building extracted corpus for word poach @ Tue Feb 26 05:57:37 UTC 2013
[13]:Done! @ Tue Feb 26 05:57:48 UTC 2013
[14]:Building extracted corpus for word position @ Tue Feb 26 05:57:48 UTC 2013
[14]:Done! @ Tue Feb 26 06:05:25 UTC 2013
[15]:Building extracted corpus for word sake @ Tue Feb 26 06:05:25 UTC 2013
[15]:Done! @ Tue Feb 26 06:06:57 UTC 2013
[16]:Building extracted corpus for word sentence @ Tue Feb 26 06:06:57 UTC 2013
[16]:Done! @ Tue Feb 26 06:09:09 UTC 2013
[17]:Building extracted corpus for word sheep @ Tue Feb 26 06:09:09 UTC 2013
[17]:Done! @ Tue Feb 26 06:09:54 UTC 2013
[18]:Building extracted corpus for word space @ Tue Feb 26 06:09:54 UTC 2013
[18]:Done! @ Tue Feb 26 06:20:57 UTC 2013
[19]:Building extracted corpus for word stand @ Tue Feb 26 06:20:57 UTC 2013
[19]:Done! @ Tue Feb 26 06:27:12 UTC 2013
[20]:Building extracted corpus for word star @ Tue Feb 26 06:27:12 UTC 2013
[20]:Done! @ Tue Feb 26 06:33:52 UTC 2013
[21]:Building extracted corpus for word state @ Tue Feb 26 06:33:52 UTC 2013
[21]:Done! @ Tue Feb 26 06:57:07 UTC 2013
[22]:Building extracted corpus for word tank @ Tue Feb 26 06:57:07 UTC 2013
[22]:Done! @ Tue Feb 26 06:59:53 UTC 2013
